<?xml version="1.0" encoding="UTF-8"?>
<testsuite name="com.sjsu.hygiea.ApplicationTests" tests="1" skipped="0" failures="0" errors="0" timestamp="2014-12-01T02:40:19" hostname="bhargav" time="2.468">
  <properties/>
  <testcase name="contextLoads" classname="com.sjsu.hygiea.ApplicationTests" time="2.468"/>
  <system-out><![CDATA[18:40:19.875 [Test worker] DEBUG o.s.t.c.j.SpringJUnit4ClassRunner - SpringJUnit4ClassRunner constructor called with [class com.sjsu.hygiea.ApplicationTests].
18:40:19.910 [Test worker] DEBUG o.s.test.context.ContextLoaderUtils - Found explicit ContextLoader class [org.springframework.boot.test.SpringApplicationContextLoader] for context configuration attributes [ContextConfigurationAttributes@3d3cdaa declaringClass = 'com.sjsu.hygiea.ApplicationTests', classes = '{class com.sjsu.hygiea.config.Application}', locations = '{}', inheritLocations = true, initializers = '{}', inheritInitializers = true, name = [null], contextLoaderClass = 'org.springframework.boot.test.SpringApplicationContextLoader']
18:40:19.917 [Test worker] DEBUG o.s.test.context.ContextLoaderUtils - Could not find an 'annotation declaring class' for annotation type [org.springframework.test.context.ActiveProfiles] and class [com.sjsu.hygiea.ApplicationTests]
18:40:19.919 [Test worker] DEBUG o.s.test.context.TestContextManager - @TestExecutionListeners is not present for class [com.sjsu.hygiea.ApplicationTests]: using defaults.
18:40:19.925 [Test worker] INFO  o.s.test.context.TestContextManager - Could not instantiate TestExecutionListener [org.springframework.test.context.transaction.TransactionalTestExecutionListener]. Specify custom listener classes or make the default listener classes (and their required dependencies) available. Offending class: [org/springframework/transaction/interceptor/TransactionAttributeSource]
18:40:19.927 [Test worker] DEBUG o.s.t.annotation.ProfileValueUtils - Retrieved @ProfileValueSourceConfiguration [null] for test class [com.sjsu.hygiea.ApplicationTests]
18:40:19.928 [Test worker] DEBUG o.s.t.annotation.ProfileValueUtils - Retrieved ProfileValueSource type [class org.springframework.test.annotation.SystemProfileValueSource] for class [com.sjsu.hygiea.ApplicationTests]
18:40:19.930 [Test worker] DEBUG o.s.t.annotation.ProfileValueUtils - Retrieved @ProfileValueSourceConfiguration [null] for test class [com.sjsu.hygiea.ApplicationTests]
18:40:19.930 [Test worker] DEBUG o.s.t.annotation.ProfileValueUtils - Retrieved ProfileValueSource type [class org.springframework.test.annotation.SystemProfileValueSource] for class [com.sjsu.hygiea.ApplicationTests]
18:40:19.931 [Test worker] DEBUG o.s.t.annotation.ProfileValueUtils - Retrieved @ProfileValueSourceConfiguration [null] for test class [com.sjsu.hygiea.ApplicationTests]
18:40:19.931 [Test worker] DEBUG o.s.t.annotation.ProfileValueUtils - Retrieved ProfileValueSource type [class org.springframework.test.annotation.SystemProfileValueSource] for class [com.sjsu.hygiea.ApplicationTests]
18:40:19.933 [Test worker] DEBUG o.s.t.annotation.ProfileValueUtils - Retrieved @ProfileValueSourceConfiguration [null] for test class [com.sjsu.hygiea.ApplicationTests]
18:40:19.934 [Test worker] DEBUG o.s.t.annotation.ProfileValueUtils - Retrieved ProfileValueSource type [class org.springframework.test.annotation.SystemProfileValueSource] for class [com.sjsu.hygiea.ApplicationTests]
18:40:20.019 [Test worker] DEBUG o.s.core.env.StandardEnvironment - Adding [systemProperties] PropertySource with lowest search precedence
18:40:20.021 [Test worker] DEBUG o.s.core.env.StandardEnvironment - Adding [systemEnvironment] PropertySource with lowest search precedence
18:40:20.022 [Test worker] DEBUG o.s.core.env.StandardEnvironment - Initialized StandardEnvironment with PropertySources [systemProperties,systemEnvironment]
18:40:20.023 [Test worker] DEBUG o.s.core.env.StandardEnvironment - Adding [integrationTest] PropertySource with search precedence immediately lower than [systemEnvironment]

  .   ____          _            __ _ _
 /\\ / ___'_ __ _ _(_)_ __  __ _ \ \ \ \
( ( )\___ | '_ | '_| | '_ \/ _` | \ \ \ \
 \\/  ___)| |_)| | | | | || (_| |  ) ) ) )
  '  |____| .__|_| |_|_| |_\__, | / / / /
 =========|_|==============|___/=/_/_/_/
 :: Spring Boot ::        (v1.1.9.RELEASE)

2014-11-30 18:40:20.323  INFO 9704 --- [    Test worker] o.s.boot.SpringApplication               : Starting application on bhargav with PID 9704 (/home/bhargav/.gradle/caches/modules-2/files-2.1/org.springframework.boot/spring-boot/1.1.9.RELEASE/a52ebe738b4b38393e71611ba5d97d3687ee7c7e/spring-boot-1.1.9.RELEASE.jar started by bhargav in /home/bhargav/Documents/SJSU/workspace-sts/hygiea)
2014-11-30 18:40:20.385  INFO 9704 --- [    Test worker] o.s.w.c.s.GenericWebApplicationContext   : Refreshing org.springframework.web.context.support.GenericWebApplicationContext@73fc3c84: startup date [Sun Nov 30 18:40:20 PST 2014]; root of context hierarchy
2014-11-30 18:40:21.021  INFO 9704 --- [    Test worker] o.s.b.f.s.DefaultListableBeanFactory     : Overriding bean definition for bean 'beanNameViewResolver': replacing [Root bean: class [null]; scope=; abstract=false; lazyInit=false; autowireMode=3; dependencyCheck=0; autowireCandidate=true; primary=false; factoryBeanName=org.springframework.boot.autoconfigure.web.ErrorMvcAutoConfiguration$WhitelabelErrorViewConfiguration; factoryMethodName=beanNameViewResolver; initMethodName=null; destroyMethodName=(inferred); defined in class path resource [org/springframework/boot/autoconfigure/web/ErrorMvcAutoConfiguration$WhitelabelErrorViewConfiguration.class]] with [Root bean: class [null]; scope=; abstract=false; lazyInit=false; autowireMode=3; dependencyCheck=0; autowireCandidate=true; primary=false; factoryBeanName=org.springframework.boot.autoconfigure.web.WebMvcAutoConfiguration$WebMvcAutoConfigurationAdapter; factoryMethodName=beanNameViewResolver; initMethodName=null; destroyMethodName=(inferred); defined in class path resource [org/springframework/boot/autoconfigure/web/WebMvcAutoConfiguration$WebMvcAutoConfigurationAdapter.class]]
2014-11-30 18:40:22.098  INFO 9704 --- [    Test worker] o.s.w.s.handler.SimpleUrlHandlerMapping  : Mapped URL path [/**/favicon.ico] onto handler of type [class org.springframework.web.servlet.resource.ResourceHttpRequestHandler]
2014-11-30 18:40:22.200  INFO 9704 --- [    Test worker] s.w.s.m.m.a.RequestMappingHandlerMapping : Mapped "{[/fetchSleep],methods=[],params=[],headers=[],consumes=[],produces=[],custom=[]}" onto public com.fitbit.api.common.model.sleep.Sleep com.sjsu.hygiea.web.FetchSleepController.fetchSleep(java.lang.String,java.lang.String,java.lang.String)
2014-11-30 18:40:22.201  INFO 9704 --- [    Test worker] s.w.s.m.m.a.RequestMappingHandlerMapping : Mapped "{[/fetchProfile],methods=[],params=[],headers=[],consumes=[],produces=[],custom=[]}" onto public com.fitbit.api.common.model.user.UserInfo com.sjsu.hygiea.web.FetchUserProfileController.fetchProfile(java.lang.String,java.lang.String)
2014-11-30 18:40:22.202  INFO 9704 --- [    Test worker] s.w.s.m.m.a.RequestMappingHandlerMapping : Mapped "{[/greeting],methods=[],params=[],headers=[],consumes=[],produces=[],custom=[]}" onto public com.sjsu.hygiea.dto.Greeting com.sjsu.hygiea.web.GreetingController.greeting(java.lang.String)
2014-11-30 18:40:22.202  INFO 9704 --- [    Test worker] s.w.s.m.m.a.RequestMappingHandlerMapping : Mapped "{[/fetchActivities],methods=[],params=[],headers=[],consumes=[],produces=[],custom=[]}" onto public com.fitbit.api.common.model.activities.Activities com.sjsu.hygiea.web.FetchActivitiesController.fetchActivities(java.lang.String,java.lang.String,java.lang.String)
2014-11-30 18:40:22.203  INFO 9704 --- [    Test worker] s.w.s.m.m.a.RequestMappingHandlerMapping : Mapped "{[/fetchAchievements],methods=[],params=[],headers=[],consumes=[],produces=[],custom=[]}" onto public com.fitbit.api.common.model.achievement.Achievements com.sjsu.hygiea.web.FetchAchievementsController.fetchAchievements(java.lang.String,java.lang.String)
2014-11-30 18:40:22.204  INFO 9704 --- [    Test worker] s.w.s.m.m.a.RequestMappingHandlerMapping : Mapped "{[/fetchFoods],methods=[],params=[],headers=[],consumes=[],produces=[],custom=[]}" onto public com.fitbit.api.common.model.foods.Foods com.sjsu.hygiea.web.FetchFoodsController.fetchFoods(java.lang.String,java.lang.String,java.lang.String)
2014-11-30 18:40:22.208  INFO 9704 --- [    Test worker] s.w.s.m.m.a.RequestMappingHandlerMapping : Mapped "{[/error],methods=[],params=[],headers=[],consumes=[],produces=[],custom=[]}" onto public org.springframework.http.ResponseEntity<java.util.Map<java.lang.String, java.lang.Object>> org.springframework.boot.autoconfigure.web.BasicErrorController.error(javax.servlet.http.HttpServletRequest)
2014-11-30 18:40:22.208  INFO 9704 --- [    Test worker] s.w.s.m.m.a.RequestMappingHandlerMapping : Mapped "{[/error],methods=[],params=[],headers=[],consumes=[],produces=[text/html],custom=[]}" onto public org.springframework.web.servlet.ModelAndView org.springframework.boot.autoconfigure.web.BasicErrorController.errorHtml(javax.servlet.http.HttpServletRequest)
2014-11-30 18:40:22.230  INFO 9704 --- [    Test worker] o.s.w.s.handler.SimpleUrlHandlerMapping  : Mapped URL path [/**] onto handler of type [class org.springframework.web.servlet.resource.ResourceHttpRequestHandler]
2014-11-30 18:40:22.230  INFO 9704 --- [    Test worker] o.s.w.s.handler.SimpleUrlHandlerMapping  : Mapped URL path [/webjars/**] onto handler of type [class org.springframework.web.servlet.resource.ResourceHttpRequestHandler]
2014-11-30 18:40:22.396  INFO 9704 --- [    Test worker] o.s.boot.SpringApplication               : Started application in 2.362 seconds (JVM running for 3.098)
]]></system-out>
  <system-err><![CDATA[]]></system-err>
</testsuite>
